<?xml version="1.0" encoding="UTF-8"?>
<!-- Generated by org.testng.reporters.JUnitXMLReporter -->
<testsuite ignored="0" hostname="DESKTOP-9GIQDKD" failures="0" tests="3" name="Test2" time="72.735" errors="0" timestamp="2024-09-03T15:59:49 IST">
  <testcase classname="com.demo.IndzuLoginTest" name="IndzuportalLoginTest" time="30.816"/>
  <testcase classname="com.demo.FacebookLoginTest" name="FBLoginTest" time="34.576"/>
  <testcase classname="com.demo.LinkedinLoginTest" name="LinkLoginTest" time="60.964"/>
</testsuite> <!-- Test2 -->
