<?xml version="1.0" encoding="UTF-8"?>
<testng-results ignored="0" total="3" passed="3" failed="0" skipped="0">
  <reporter-output>
  </reporter-output>
  <suite started-at="2024-09-03T15:58:36 IST" name="Suite" finished-at="2024-09-03T15:59:49 IST" duration-ms="72735">
    <groups>
    </groups>
    <test started-at="2024-09-03T15:58:36 IST" name="Test2" finished-at="2024-09-03T15:59:49 IST" duration-ms="72735">
      <class name="com.demo.LinkedinLoginTest">
        <test-method is-config="true" signature="setup(java.lang.String)[pri:0, instance:com.demo.LinkedinLoginTest@53fb3dab]" started-at="2024-09-03T15:58:36 IST" name="setup" finished-at="2024-09-03T15:58:44 IST" duration-ms="7657" status="PASS">
          <params>
            <param index="0">
              <value>
                <![CDATA[chrome]]>
              </value>
            </param>
          </params>
          <reporter-output>
          </reporter-output>
        </test-method> <!-- setup -->
        <test-method is-config="true" signature="startTest(java.lang.reflect.Method)[pri:0, instance:com.demo.LinkedinLoginTest@53fb3dab]" started-at="2024-09-03T15:58:46 IST" name="startTest" finished-at="2024-09-03T15:58:46 IST" duration-ms="17" status="PASS">
          <params>
            <param index="0">
              <value>
                <![CDATA[public void com.demo.LinkedinLoginTest.LinkLoginTest(java.lang.String,java.lang.String)]]>
              </value>
            </param>
          </params>
          <reporter-output>
          </reporter-output>
        </test-method> <!-- startTest -->
        <test-method signature="LinkLoginTest(java.lang.String,java.lang.String)[pri:0, instance:com.demo.LinkedinLoginTest@53fb3dab]" started-at="2024-09-03T15:58:46 IST" name="LinkLoginTest" data-provider="logData" finished-at="2024-09-03T15:59:47 IST" duration-ms="60964" status="PASS">
          <params>
            <param index="0">
              <value>
                <![CDATA[tachomind6@gmail.com]]>
              </value>
            </param>
            <param index="1">
              <value>
                <![CDATA[Tachomind12@#1]]>
              </value>
            </param>
          </params>
          <reporter-output>
          </reporter-output>
        </test-method> <!-- LinkLoginTest -->
        <test-method is-config="true" signature="tearDown()[pri:0, instance:com.demo.LinkedinLoginTest@53fb3dab]" started-at="2024-09-03T15:59:47 IST" name="tearDown" finished-at="2024-09-03T15:59:49 IST" duration-ms="1533" status="PASS">
          <reporter-output>
          </reporter-output>
        </test-method> <!-- tearDown -->
      </class> <!-- com.demo.LinkedinLoginTest -->
      <class name="com.demo.FacebookLoginTest">
        <test-method is-config="true" signature="setup(java.lang.String)[pri:0, instance:com.demo.FacebookLoginTest@19e4653c]" started-at="2024-09-03T15:58:36 IST" name="setup" finished-at="2024-09-03T15:58:44 IST" duration-ms="7509" status="PASS">
          <params>
            <param index="0">
              <value>
                <![CDATA[chrome]]>
              </value>
            </param>
          </params>
          <reporter-output>
          </reporter-output>
        </test-method> <!-- setup -->
        <test-method is-config="true" signature="startTest(java.lang.reflect.Method)[pri:0, instance:com.demo.FacebookLoginTest@19e4653c]" started-at="2024-09-03T15:58:46 IST" name="startTest" finished-at="2024-09-03T15:58:46 IST" duration-ms="1" status="PASS">
          <params>
            <param index="0">
              <value>
                <![CDATA[public void com.demo.FacebookLoginTest.FBLoginTest(java.lang.String,java.lang.String)]]>
              </value>
            </param>
          </params>
          <reporter-output>
          </reporter-output>
        </test-method> <!-- startTest -->
        <test-method signature="FBLoginTest(java.lang.String,java.lang.String)[pri:0, instance:com.demo.FacebookLoginTest@19e4653c]" started-at="2024-09-03T15:58:46 IST" name="FBLoginTest" data-provider="logData" finished-at="2024-09-03T15:59:21 IST" duration-ms="34576" status="PASS">
          <params>
            <param index="0">
              <value>
                <![CDATA[tachomind6@gmail.com]]>
              </value>
            </param>
            <param index="1">
              <value>
                <![CDATA[Tachomind12@#1]]>
              </value>
            </param>
          </params>
          <reporter-output>
          </reporter-output>
        </test-method> <!-- FBLoginTest -->
        <test-method is-config="true" signature="tearDown()[pri:0, instance:com.demo.FacebookLoginTest@19e4653c]" started-at="2024-09-03T15:59:21 IST" name="tearDown" finished-at="2024-09-03T15:59:29 IST" duration-ms="7471" status="PASS">
          <reporter-output>
          </reporter-output>
        </test-method> <!-- tearDown -->
      </class> <!-- com.demo.FacebookLoginTest -->
      <class name="com.demo.IndzuLoginTest">
        <test-method is-config="true" signature="setup(java.lang.String)[pri:0, instance:com.demo.IndzuLoginTest@cb0755b]" started-at="2024-09-03T15:58:36 IST" name="setup" finished-at="2024-09-03T15:58:44 IST" duration-ms="7564" status="PASS">
          <params>
            <param index="0">
              <value>
                <![CDATA[chrome]]>
              </value>
            </param>
          </params>
          <reporter-output>
          </reporter-output>
        </test-method> <!-- setup -->
        <test-method is-config="true" signature="startTest(java.lang.reflect.Method)[pri:0, instance:com.demo.IndzuLoginTest@cb0755b]" started-at="2024-09-03T15:58:46 IST" name="startTest" finished-at="2024-09-03T15:58:46 IST" duration-ms="14" status="PASS">
          <params>
            <param index="0">
              <value>
                <![CDATA[public void com.demo.IndzuLoginTest.IndzuportalLoginTest(java.lang.String,java.lang.String)]]>
              </value>
            </param>
          </params>
          <reporter-output>
          </reporter-output>
        </test-method> <!-- startTest -->
        <test-method signature="IndzuportalLoginTest(java.lang.String,java.lang.String)[pri:0, instance:com.demo.IndzuLoginTest@cb0755b]" started-at="2024-09-03T15:58:46 IST" name="IndzuportalLoginTest" data-provider="logData" finished-at="2024-09-03T15:59:17 IST" duration-ms="30816" status="PASS">
          <params>
            <param index="0">
              <value>
                <![CDATA[testindzu2@yopmail.com]]>
              </value>
            </param>
            <param index="1">
              <value>
                <![CDATA[Test@1234]]>
              </value>
            </param>
          </params>
          <reporter-output>
          </reporter-output>
        </test-method> <!-- IndzuportalLoginTest -->
        <test-method is-config="true" signature="tearDown()[pri:0, instance:com.demo.IndzuLoginTest@cb0755b]" started-at="2024-09-03T15:59:17 IST" name="tearDown" finished-at="2024-09-03T15:59:27 IST" duration-ms="9862" status="PASS">
          <reporter-output>
          </reporter-output>
        </test-method> <!-- tearDown -->
      </class> <!-- com.demo.IndzuLoginTest -->
    </test> <!-- Test2 -->
  </suite> <!-- Suite -->
</testng-results>
